#
# A fatal error has been detected by the Java Runtime Environment:
#
#  Internal Error (javaCalls.cpp:51), pid=48498, tid=0x0000000000002c03
#  guarantee(thread->is_Java_thread()) failed: crucial check - the VM thread cannot and must not escape to Java code
#
# JRE version: Java(TM) SE Runtime Environment (8.0_201-b09) (build 1.8.0_201-b09)
# Java VM: Java HotSpot(TM) 64-Bit Server VM (25.201-b09 mixed mode bsd-amd64 compressed oops)
# Failed to write core dump. Core dumps have been disabled. To enable core dumping, try "ulimit -c unlimited" before starting Java again
#
# If you would like to submit a bug report, please visit:
#   http://bugreport.java.com/bugreport/crash.jsp
#

---------------  T H R E A D  ---------------

Current thread (0x00007ff661015800):  VMThread [stack: 0x000070000456d000,0x000070000466d000] [id=11267]

Stack: [0x000070000456d000,0x000070000466d000],  sp=0x000070000466bad0,  free space=1018k
Native frames: (J=compiled Java code, j=interpreted, Vv=VM code, C=native code)
V  [libjvm.dylib+0x5b6a2e]
V  [libjvm.dylib+0x1e9b21]
V  [libjvm.dylib+0x2f028c]
V  [libjvm.dylib+0x2f0b44]
V  [libjvm.dylib+0x2f1077]
V  [libjvm.dylib+0x2446d3]
V  [libjvm.dylib+0x2447ce]
V  [libjvm.dylib+0x244a2d]
V  [libjvm.dylib+0x244a48]
V  [libjvm.dylib+0x28887f]
V  [libjvm.dylib+0x288933]
V  [libjvm.dylib+0x28b4e4]
V  [libjvm.dylib+0x28b733]
V  [libjvm.dylib+0x28bcca]
V  [libjvm.dylib+0x28c0e3]
V  [libjvm.dylib+0x486331]
V  [libjvm.dylib+0x48653a]
V  [libjvm.dylib+0x48671b]
V  [libjvm.dylib+0x4869d2]
V  [libjvm.dylib+0x2c3a00]
V  [libjvm.dylib+0x45405d]
V  [libjvm.dylib+0x39bf6f]
V  [libjvm.dylib+0x5be6ad]
V  [libjvm.dylib+0x5bcc45]
V  [libjvm.dylib+0x5bd092]
V  [libjvm.dylib+0x5bc9b1]
V  [libjvm.dylib+0x48f3ca]
C  [libsystem_pthread.dylib+0x3305]  _pthread_body+0x7e
C  [libsystem_pthread.dylib+0x626f]  _pthread_start+0x46
C  [libsystem_pthread.dylib+0x2415]  thread_start+0xd

VM_Operation (0x0000700004a78978): GetOrSetLocal, mode: safepoint, requested by thread 0x00007ff660819000


---------------  P R O C E S S  ---------------

Java Threads: ( => current thread )
  0x00007ff661ac3000 JavaThread "Service Thread" daemon [_thread_blocked, id=13827, stack(0x0000700004f8b000,0x000070000508b000)]
  0x00007ff661844000 JavaThread "C1 CompilerThread2" daemon [_thread_blocked, id=16131, stack(0x0000700004e88000,0x0000700004f88000)]
  0x00007ff661842800 JavaThread "C2 CompilerThread1" daemon [_thread_blocked, id=16643, stack(0x0000700004d85000,0x0000700004e85000)]
  0x00007ff661841800 JavaThread "C2 CompilerThread0" daemon [_thread_blocked, id=16899, stack(0x0000700004c82000,0x0000700004d82000)]
  0x00007ff660824800 JavaThread "JDWP Command Reader" daemon [_thread_in_native, id=13059, stack(0x0000700004b7f000,0x0000700004c7f000)]
  0x00007ff660041000 JavaThread "JDWP Event Helper Thread" daemon [_thread_blocked, id=12803, stack(0x0000700004a7c000,0x0000700004b7c000)]
  0x00007ff660819000 JavaThread "JDWP Transport Listener: dt_socket" daemon [_thread_blocked, id=12551, stack(0x0000700004979000,0x0000700004a79000)]
  0x00007ff661835000 JavaThread "Signal Dispatcher" daemon [_thread_blocked, id=17923, stack(0x0000700004876000,0x0000700004976000)]
  0x00007ff661025000 JavaThread "Finalizer" daemon [_thread_blocked, id=19971, stack(0x0000700004773000,0x0000700004873000)]
  0x00007ff660805000 JavaThread "Reference Handler" daemon [_thread_blocked, id=20227, stack(0x0000700004670000,0x0000700004770000)]
  0x00007ff661802800 JavaThread "main" [_thread_blocked, id=9219, stack(0x000070000405e000,0x000070000415e000)]

Other Threads:
=>0x00007ff661015800 VMThread [stack: 0x000070000456d000,0x000070000466d000] [id=11267]
  0x00007ff661acd800 WatcherThread [stack: 0x000070000508e000,0x000070000518e000] [id=14339]

VM state:at safepoint (normal execution)

VM Mutex/Monitor currently owned by a thread:  ([mutex/lock_event])
[0x00007ff65ff047e0] Threads_lock - owner thread: 0x00007ff661015800

heap address: 0x00000006c0000000, size: 4096 MB, Compressed Oops mode: Zero based, Oop shift amount: 3
Narrow klass base: 0x0000000000000000, Narrow klass shift: 3
Compressed class space size: 1073741824 Address: 0x00000007c0000000

Heap:
 PSYoungGen      total 76288K, used 19424K [0x000000076ab00000, 0x0000000770000000, 0x00000007c0000000)
  eden space 65536K, 29% used [0x000000076ab00000,0x000000076bdf81a0,0x000000076eb00000)
  from space 10752K, 0% used [0x000000076eb00000,0x000000076eb00000,0x000000076f580000)
  to   space 10752K, 0% used [0x000000076f580000,0x000000076f580000,0x0000000770000000)
 ParOldGen       total 73728K, used 8058K [0x00000006c0000000, 0x00000006c4800000, 0x000000076ab00000)
  object space 73728K, 10% used [0x00000006c0000000,0x00000006c07dea20,0x00000006c4800000)
 Metaspace       used 22711K, capacity 23138K, committed 23344K, reserved 1069056K
  class space    used 2692K, capacity 2821K, committed 2944K, reserved 1048576K

Card table byte_map: [0x0000000108609000,0x0000000108e0a000] byte_map_base: 0x0000000105009000

Marking Bits: (ParMarkBitMap*) 0x000000010724fe40
 Begin Bits: [0x0000000109360000, 0x000000010d360000)
 End Bits:   [0x000000010d360000, 0x0000000111360000)

Polling page: 0x0000000107951000

CodeCache: size=245760Kb used=5478Kb max_used=5565Kb free=240281Kb
 bounds [0x0000000112f37000, 0x00000001134b7000, 0x0000000121f37000]
 total_blobs=1894 nmethods=1273 adapters=542
 compilation: enabled

Compilation events (10 events):
Event: 121.991 Thread 0x00007ff661842800 1351       4       groovy.lang.MetaMethod::isPrivate (15 bytes)
Event: 121.992 Thread 0x00007ff661841800 1352       4       java.lang.String::substring (56 bytes)
Event: 121.992 Thread 0x00007ff661842800 nmethod 1351 0x000000011347a190 code [0x000000011347a2e0, 0x000000011347a378]
Event: 121.992 Thread 0x00007ff661842800 1353       4       sun.misc.URLClassPath$JarLoader::findResource (18 bytes)
Event: 121.993 Thread 0x00007ff661842800 nmethod 1353 0x000000011311d410 code [0x000000011311d560, 0x000000011311d628]
Event: 121.995 Thread 0x00007ff661841800 nmethod 1352 0x00000001130e5510 code [0x00000001130e56a0, 0x00000001130e5bd8]
Event: 122.006 Thread 0x00007ff661844000 1354       3       java.lang.invoke.MethodType$ConcurrentWeakInternSet$WeakEntry::equals (49 bytes)
Event: 122.006 Thread 0x00007ff661844000 nmethod 1354 0x00000001130e8750 code [0x00000001130e88e0, 0x00000001130e8f68]
Event: 122.008 Thread 0x00007ff661842800 1355       4       org.codehaus.groovy.runtime.metaclass.MetaMethodIndex::addMethodToList (284 bytes)
Event: 122.023 Thread 0x00007ff661842800 nmethod 1355 0x00000001130d7410 code [0x00000001130d7780, 0x00000001130d8f68]

GC Heap History (8 events):
Event: 19.441 GC heap before
{Heap before GC invocations=1 (full 0):
 PSYoungGen      total 76288K, used 65536K [0x000000076ab00000, 0x0000000770000000, 0x00000007c0000000)
  eden space 65536K, 100% used [0x000000076ab00000,0x000000076eb00000,0x000000076eb00000)
  from space 10752K, 0% used [0x000000076f580000,0x000000076f580000,0x0000000770000000)
  to   space 10752K, 0% used [0x000000076eb00000,0x000000076eb00000,0x000000076f580000)
 ParOldGen       total 175104K, used 0K [0x00000006c0000000, 0x00000006cab00000, 0x000000076ab00000)
  object space 175104K, 0% used [0x00000006c0000000,0x00000006c0000000,0x00000006cab00000)
 Metaspace       used 11101K, capacity 11286K, committed 11520K, reserved 1058816K
  class space    used 1204K, capacity 1245K, committed 1280K, reserved 1048576K
Event: 19.447 GC heap after
Heap after GC invocations=1 (full 0):
 PSYoungGen      total 76288K, used 7099K [0x000000076ab00000, 0x0000000770000000, 0x00000007c0000000)
  eden space 65536K, 0% used [0x000000076ab00000,0x000000076ab00000,0x000000076eb00000)
  from space 10752K, 66% used [0x000000076eb00000,0x000000076f1eef00,0x000000076f580000)
  to   space 10752K, 0% used [0x000000076f580000,0x000000076f580000,0x0000000770000000)
 ParOldGen       total 175104K, used 8K [0x00000006c0000000, 0x00000006cab00000, 0x000000076ab00000)
  object space 175104K, 0% used [0x00000006c0000000,0x00000006c0002000,0x00000006cab00000)
 Metaspace       used 11101K, capacity 11286K, committed 11520K, reserved 1058816K
  class space    used 1204K, capacity 1245K, committed 1280K, reserved 1048576K
}
Event: 24.431 GC heap before
{Heap before GC invocations=2 (full 0):
 PSYoungGen      total 76288K, used 72635K [0x000000076ab00000, 0x0000000770000000, 0x00000007c0000000)
  eden space 65536K, 100% used [0x000000076ab00000,0x000000076eb00000,0x000000076eb00000)
  from space 10752K, 66% used [0x000000076eb00000,0x000000076f1eef00,0x000000076f580000)
  to   space 10752K, 0% used [0x000000076f580000,0x000000076f580000,0x0000000770000000)
 ParOldGen       total 175104K, used 8K [0x00000006c0000000, 0x00000006cab00000, 0x000000076ab00000)
  object space 175104K, 0% used [0x00000006c0000000,0x00000006c0002000,0x00000006cab00000)
 Metaspace       used 17869K, capacity 18208K, committed 18432K, reserved 1064960K
  class space    used 2116K, capacity 2242K, committed 2304K, reserved 1048576K
Event: 24.439 GC heap after
Heap after GC invocations=2 (full 0):
 PSYoungGen      total 76288K, used 9563K [0x000000076ab00000, 0x0000000770000000, 0x00000007c0000000)
  eden space 65536K, 0% used [0x000000076ab00000,0x000000076ab00000,0x000000076eb00000)
  from space 10752K, 88% used [0x000000076f580000,0x000000076fed6ee8,0x0000000770000000)
  to   space 10752K, 0% used [0x000000076eb00000,0x000000076eb00000,0x000000076f580000)
 ParOldGen       total 175104K, used 16K [0x00000006c0000000, 0x00000006cab00000, 0x000000076ab00000)
  object space 175104K, 0% used [0x00000006c0000000,0x00000006c0004000,0x00000006cab00000)
 Metaspace       used 17869K, capacity 18208K, committed 18432K, reserved 1064960K
  class space    used 2116K, capacity 2242K, committed 2304K, reserved 1048576K
}
Event: 77.299 GC heap before
{Heap before GC invocations=3 (full 0):
 PSYoungGen      total 76288K, used 49674K [0x000000076ab00000, 0x0000000770000000, 0x00000007c0000000)
  eden space 65536K, 61% used [0x000000076ab00000,0x000000076d22bc58,0x000000076eb00000)
  from space 10752K, 88% used [0x000000076f580000,0x000000076fed6ee8,0x0000000770000000)
  to   space 10752K, 0% used [0x000000076eb00000,0x000000076eb00000,0x000000076f580000)
 ParOldGen       total 175104K, used 16K [0x00000006c0000000, 0x00000006cab00000, 0x000000076ab00000)
  object space 175104K, 0% used [0x00000006c0000000,0x00000006c0004000,0x00000006cab00000)
 Metaspace       used 20802K, capacity 21128K, committed 21296K, reserved 1069056K
  class space    used 2490K, capacity 2608K, committed 2688K, reserved 1048576K
Event: 77.305 GC heap after
Heap after GC invocations=3 (full 0):
 PSYoungGen      total 76288K, used 8288K [0x000000076ab00000, 0x0000000770000000, 0x00000007c0000000)
  eden space 65536K, 0% used [0x000000076ab00000,0x000000076ab00000,0x000000076eb00000)
  from space 10752K, 77% used [0x000000076eb00000,0x000000076f318308,0x000000076f580000)
  to   space 10752K, 0% used [0x000000076f580000,0x000000076f580000,0x0000000770000000)
 ParOldGen       total 175104K, used 24K [0x00000006c0000000, 0x00000006cab00000, 0x000000076ab00000)
  object space 175104K, 0% used [0x00000006c0000000,0x00000006c0006000,0x00000006cab00000)
 Metaspace       used 20802K, capacity 21128K, committed 21296K, reserved 1069056K
  class space    used 2490K, capacity 2608K, committed 2688K, reserved 1048576K
}
Event: 77.305 GC heap before
{Heap before GC invocations=4 (full 1):
 PSYoungGen      total 76288K, used 8288K [0x000000076ab00000, 0x0000000770000000, 0x00000007c0000000)
  eden space 65536K, 0% used [0x000000076ab00000,0x000000076ab00000,0x000000076eb00000)
  from space 10752K, 77% used [0x000000076eb00000,0x000000076f318308,0x000000076f580000)
  to   space 10752K, 0% used [0x000000076f580000,0x000000076f580000,0x0000000770000000)
 ParOldGen       total 175104K, used 24K [0x00000006c0000000, 0x00000006cab00000, 0x000000076ab00000)
  object space 175104K, 0% used [0x00000006c0000000,0x00000006c0006000,0x00000006cab00000)
 Metaspace       used 20802K, capacity 21128K, committed 21296K, reserved 1069056K
  class space    used 2490K, capacity 2608K, committed 2688K, reserved 1048576K
Event: 77.333 GC heap after
Heap after GC invocations=4 (full 1):
 PSYoungGen      total 76288K, used 0K [0x000000076ab00000, 0x0000000770000000, 0x00000007c0000000)
  eden space 65536K, 0% used [0x000000076ab00000,0x000000076ab00000,0x000000076eb00000)
  from space 10752K, 0% used [0x000000076eb00000,0x000000076eb00000,0x000000076f580000)
  to   space 10752K, 0% used [0x000000076f580000,0x000000076f580000,0x0000000770000000)
 ParOldGen       total 73728K, used 8058K [0x00000006c0000000, 0x00000006c4800000, 0x000000076ab00000)
  object space 73728K, 10% used [0x00000006c0000000,0x00000006c07dea20,0x00000006c4800000)
 Metaspace       used 20802K, capacity 21128K, committed 21296K, reserved 1069056K
  class space    used 2490K, capacity 2608K, committed 2688K, reserved 1048576K
}

Deoptimization events (8 events):
Event: 0.794 Thread 0x00007ff661802800 Uncommon trap: reason=unstable_if action=reinterpret pc=0x000000011309c7dc method=java.lang.String.indexOf([CII[CIII)I @ 3
Event: 16.028 Thread 0x00007ff661802800 Uncommon trap: reason=range_check action=make_not_entrant pc=0x000000011314e074 method=sun.reflect.generics.parser.SignatureParser.current()C @ 34
Event: 31.524 Thread 0x00007ff661802800 Uncommon trap: reason=unstable_if action=reinterpret pc=0x0000000113065484 method=org.groovy.debug.hotswap.ResetAgent.matches([B[BI)Z @ 5
Event: 31.524 Thread 0x00007ff661802800 Uncommon trap: reason=unstable_if action=reinterpret pc=0x00000001131df3fc method=java.lang.ref.SoftReference.get()Ljava/lang/Object; @ 17
Event: 31.715 Thread 0x00007ff661802800 Uncommon trap: reason=class_check action=maybe_recompile pc=0x000000011311d520 method=java.lang.String.equals(Ljava/lang/Object;)Z @ 8
Event: 31.715 Thread 0x00007ff661802800 Uncommon trap: reason=class_check action=maybe_recompile pc=0x000000011311d520 method=java.lang.String.equals(Ljava/lang/Object;)Z @ 8
Event: 37.951 Thread 0x00007ff661802800 Uncommon trap: reason=class_check action=maybe_recompile pc=0x000000011311d520 method=java.lang.String.equals(Ljava/lang/Object;)Z @ 8
Event: 37.951 Thread 0x00007ff661802800 Uncommon trap: reason=class_check action=maybe_recompile pc=0x000000011311d520 method=java.lang.String.equals(Ljava/lang/Object;)Z @ 8

Classes redefined (5 events):
Event: 129.263 Thread 0x00007ff661015800 redefined class name=util.HelperTest, count=1
Event: 159.268 Thread 0x00007ff661015800 redefined class name=util.pocSpockTest, count=1
Event: 359.383 Thread 0x00007ff661015800 redefined class name=util.pocSpockTest, count=2
Event: 626.478 Thread 0x00007ff661015800 redefined class name=util.pocSpockTest, count=3
Event: 679.708 Thread 0x00007ff661015800 redefined class name=util.pocSpockTest, count=4

Internal exceptions (10 events):
Event: 77.635 Thread 0x00007ff661802800 Exception <a 'java/lang/ClassNotFoundException': DUMMYBeanInfo> (0x000000076b9f1870) thrown at [/Users/java_re/workspace/8-2-build-macosx-x86_64/jdk8u201/12322/hotspot/src/share/vm/classfile/systemDictionary.cpp, line 210]
Event: 77.636 Thread 0x00007ff661802800 Exception <a 'java/lang/ClassNotFoundException': DUMMYCustomizer> (0x000000076ba0afd8) thrown at [/Users/java_re/workspace/8-2-build-macosx-x86_64/jdk8u201/12322/hotspot/src/share/vm/classfile/systemDictionary.cpp, line 210]
Event: 77.703 Thread 0x00007ff661802800 Exception <a 'java/lang/ClassNotFoundException': java/lang/StringBeanInfo> (0x000000076bad7730) thrown at [/Users/java_re/workspace/8-2-build-macosx-x86_64/jdk8u201/12322/hotspot/src/share/vm/classfile/systemDictionary.cpp, line 210]
Event: 77.704 Thread 0x00007ff661802800 Exception <a 'java/lang/ClassNotFoundException': java/lang/StringCustomizer> (0x000000076bae2350) thrown at [/Users/java_re/workspace/8-2-build-macosx-x86_64/jdk8u201/12322/hotspot/src/share/vm/classfile/systemDictionary.cpp, line 210]
Event: 89.755 Thread 0x00007ff661802800 Exception <a 'java/lang/ClassNotFoundException': DUMMYBeanInfo> (0x000000076bbdb0c8) thrown at [/Users/java_re/workspace/8-2-build-macosx-x86_64/jdk8u201/12322/hotspot/src/share/vm/classfile/systemDictionary.cpp, line 210]
Event: 89.756 Thread 0x00007ff661802800 Exception <a 'java/lang/ClassNotFoundException': DUMMYCustomizer> (0x000000076bbf47f0) thrown at [/Users/java_re/workspace/8-2-build-macosx-x86_64/jdk8u201/12322/hotspot/src/share/vm/classfile/systemDictionary.cpp, line 210]
Event: 116.973 Thread 0x00007ff661802800 Exception <a 'java/lang/ClassNotFoundException': DUMMYBeanInfo> (0x000000076bcc1820) thrown at [/Users/java_re/workspace/8-2-build-macosx-x86_64/jdk8u201/12322/hotspot/src/share/vm/classfile/systemDictionary.cpp, line 210]
Event: 116.973 Thread 0x00007ff661802800 Exception <a 'java/lang/ClassNotFoundException': DUMMYCustomizer> (0x000000076bcdaf48) thrown at [/Users/java_re/workspace/8-2-build-macosx-x86_64/jdk8u201/12322/hotspot/src/share/vm/classfile/systemDictionary.cpp, line 210]
Event: 121.992 Thread 0x00007ff661802800 Exception <a 'java/lang/ClassNotFoundException': DUMMYBeanInfo> (0x000000076bda6e28) thrown at [/Users/java_re/workspace/8-2-build-macosx-x86_64/jdk8u201/12322/hotspot/src/share/vm/classfile/systemDictionary.cpp, line 210]
Event: 121.993 Thread 0x00007ff661802800 Exception <a 'java/lang/ClassNotFoundException': DUMMYCustomizer> (0x000000076bdc0550) thrown at [/Users/java_re/workspace/8-2-build-macosx-x86_64/jdk8u201/12322/hotspot/src/share/vm/classfile/systemDictionary.cpp, line 210]

Events (10 events):
Event: 679.696 Executing VM operation: ChangeBreakpoints done
Event: 679.696 Executing VM operation: ChangeBreakpoints
Event: 679.696 Executing VM operation: ChangeBreakpoints done
Event: 679.696 Executing VM operation: ChangeBreakpoints
Event: 679.696 Executing VM operation: ChangeBreakpoints done
Event: 679.697 Executing VM operation: ChangeBreakpoints
Event: 679.697 Executing VM operation: ChangeBreakpoints done
Event: 679.700 Executing VM operation: RedefineClasses
Event: 679.708 Executing VM operation: RedefineClasses done
Event: 679.708 Executing VM operation: GetOrSetLocal


Dynamic libraries:
0x00007fff48a11000 	/System/Library/Frameworks/Cocoa.framework/Versions/A/Cocoa
0x00007fff54cd0000 	/System/Library/Frameworks/Security.framework/Versions/A/Security
0x00007fff47618000 	/System/Library/Frameworks/ApplicationServices.framework/Versions/A/ApplicationServices
0x00007fff762bb000 	/usr/lib/libz.1.dylib
0x00007fff73930000 	/usr/lib/libSystem.B.dylib
0x00007fff753d8000 	/usr/lib/libobjc.A.dylib
0x00007fff49234000 	/System/Library/Frameworks/CoreFoundation.framework/Versions/A/CoreFoundation
0x00007fff4b5b9000 	/System/Library/Frameworks/Foundation.framework/Versions/C/Foundation
0x00007fff467a5000 	/System/Library/Frameworks/AppKit.framework/Versions/C/AppKit
0x00007fff48da8000 	/System/Library/Frameworks/CoreData.framework/Versions/A/CoreData
0x00007fff6cafe000 	/System/Library/PrivateFrameworks/RemoteViewServices.framework/Versions/A/RemoteViewServices
0x00007fff715fe000 	/System/Library/PrivateFrameworks/UIFoundation.framework/Versions/A/UIFoundation
0x00007fff72db6000 	/System/Library/PrivateFrameworks/XCTTargetBootstrap.framework/Versions/A/XCTTargetBootstrap
0x00007fff67605000 	/System/Library/PrivateFrameworks/IconServices.framework/Versions/A/IconServices
0x00007fff4de83000 	/System/Library/Frameworks/Metal.framework/Versions/A/Metal
0x00007fff5e807000 	/System/Library/PrivateFrameworks/DesktopServicesPriv.framework/Versions/A/DesktopServicesPriv
0x00007fff746eb000 	/usr/lib/libenergytrace.dylib
0x00007fff6f36f000 	/System/Library/PrivateFrameworks/SkyLight.framework/Versions/A/SkyLight
0x00007fff49683000 	/System/Library/Frameworks/CoreGraphics.framework/Versions/A/CoreGraphics
0x00007fff45560000 	/System/Library/Frameworks/Accelerate.framework/Versions/A/Accelerate
0x00007fff4bd43000 	/System/Library/Frameworks/IOSurface.framework/Versions/A/IOSurface
0x00007fff5e669000 	/System/Library/PrivateFrameworks/DFRFoundation.framework/Versions/A/DFRFoundation
0x00007fff47b1d000 	/System/Library/Frameworks/AudioToolbox.framework/Versions/A/AudioToolbox
0x00007fff47dbc000 	/System/Library/Frameworks/AudioUnit.framework/Versions/A/AudioUnit
0x00007fff5e700000 	/System/Library/PrivateFrameworks/DataDetectorsCore.framework/Versions/A/DataDetectorsCore
0x00007fff484fb000 	/System/Library/Frameworks/Carbon.framework/Versions/A/Frameworks/HIToolbox.framework/Versions/A/HIToolbox
0x00007fff74846000 	/usr/lib/libicucore.A.dylib
0x00007fff54223000 	/System/Library/Frameworks/QuartzCore.framework/Versions/A/QuartzCore
0x00007fff488e2000 	/System/Library/Frameworks/Carbon.framework/Versions/A/Frameworks/SpeechRecognition.framework/Versions/A/SpeechRecognition
0x00007fff73a93000 	/usr/lib/libauto.dylib
0x00007fff761ae000 	/usr/lib/libxml2.2.dylib
0x00007fff5e268000 	/System/Library/PrivateFrameworks/CoreUI.framework/Versions/A/CoreUI
0x00007fff48c86000 	/System/Library/Frameworks/CoreAudio.framework/Versions/A/CoreAudio
0x00007fff4b3eb000 	/System/Library/Frameworks/DiskArbitration.framework/Versions/A/DiskArbitration
0x00007fff74af6000 	/usr/lib/liblangid.dylib
0x00007fff68ab5000 	/System/Library/PrivateFrameworks/MultitouchSupport.framework/Versions/A/MultitouchSupport
0x00007fff4bcae000 	/System/Library/Frameworks/IOKit.framework/Versions/A/IOKit
0x00007fff7357e000 	/usr/lib/libDiagnosticMessagesClient.dylib
0x00007fff4a4f1000 	/System/Library/Frameworks/CoreServices.framework/Versions/A/CoreServices
0x00007fff6a7eb000 	/System/Library/PrivateFrameworks/PerformanceAnalysis.framework/Versions/A/PerformanceAnalysis
0x00007fff533b8000 	/System/Library/Frameworks/OpenGL.framework/Versions/A/OpenGL
0x00007fff48a1f000 	/System/Library/Frameworks/ColorSync.framework/Versions/A/ColorSync
0x00007fff49d12000 	/System/Library/Frameworks/CoreImage.framework/Versions/A/CoreImage
0x00007fff4af34000 	/System/Library/Frameworks/CoreText.framework/Versions/A/CoreText
0x00007fff4bda4000 	/System/Library/Frameworks/ImageIO.framework/Versions/A/ImageIO
0x00007fff5a8a3000 	/System/Library/PrivateFrameworks/Backup.framework/Versions/A/Backup
0x00007fff739e6000 	/usr/lib/libarchive.2.dylib
0x00007fff48120000 	/System/Library/Frameworks/CFNetwork.framework/Versions/A/CFNetwork
0x00007fff5547b000 	/System/Library/Frameworks/SystemConfiguration.framework/Versions/A/SystemConfiguration
0x00007fff734a7000 	/usr/lib/libCRFSuite.dylib
0x00007fff73b8a000 	/usr/lib/libc++.1.dylib
0x00007fff73be2000 	/usr/lib/libc++abi.dylib
0x00007fff7633e000 	/usr/lib/system/libcache.dylib
0x00007fff76343000 	/usr/lib/system/libcommonCrypto.dylib
0x00007fff7634e000 	/usr/lib/system/libcompiler_rt.dylib
0x00007fff76356000 	/usr/lib/system/libcopyfile.dylib
0x00007fff76360000 	/usr/lib/system/libcorecrypto.dylib
0x00007fff7646b000 	/usr/lib/system/libdispatch.dylib
0x00007fff764a6000 	/usr/lib/system/libdyld.dylib
0x00007fff764d6000 	/usr/lib/system/libkeymgr.dylib
0x00007fff764e4000 	/usr/lib/system/liblaunch.dylib
0x00007fff764e5000 	/usr/lib/system/libmacho.dylib
0x00007fff764eb000 	/usr/lib/system/libquarantine.dylib
0x00007fff764ee000 	/usr/lib/system/libremovefile.dylib
0x00007fff764f0000 	/usr/lib/system/libsystem_asl.dylib
0x00007fff76508000 	/usr/lib/system/libsystem_blocks.dylib
0x00007fff76509000 	/usr/lib/system/libsystem_c.dylib
0x00007fff76592000 	/usr/lib/system/libsystem_configuration.dylib
0x00007fff76596000 	/usr/lib/system/libsystem_coreservices.dylib
0x00007fff7659a000 	/usr/lib/system/libsystem_darwin.dylib
0x00007fff765a1000 	/usr/lib/system/libsystem_dnssd.dylib
0x00007fff765a8000 	/usr/lib/system/libsystem_info.dylib
0x00007fff7661e000 	/usr/lib/system/libsystem_m.dylib
0x00007fff7666a000 	/usr/lib/system/libsystem_malloc.dylib
0x00007fff7668f000 	/usr/lib/system/libsystem_networkextension.dylib
0x00007fff7669b000 	/usr/lib/system/libsystem_notify.dylib
0x00007fff766b8000 	/usr/lib/system/libsystem_sandbox.dylib
0x00007fff766bc000 	/usr/lib/system/libsystem_secinit.dylib
0x00007fff765f5000 	/usr/lib/system/libsystem_kernel.dylib
0x00007fff766a3000 	/usr/lib/system/libsystem_platform.dylib
0x00007fff766ad000 	/usr/lib/system/libsystem_pthread.dylib
0x00007fff766bf000 	/usr/lib/system/libsystem_symptoms.dylib
0x00007fff766c7000 	/usr/lib/system/libsystem_trace.dylib
0x00007fff766de000 	/usr/lib/system/libunwind.dylib
0x00007fff766e4000 	/usr/lib/system/libxpc.dylib
0x00007fff73b6a000 	/usr/lib/libbsm.0.dylib
0x00007fff764d7000 	/usr/lib/system/libkxld.dylib
0x00007fff59b50000 	/System/Library/PrivateFrameworks/AppleFSCompression.framework/Versions/A/AppleFSCompression
0x00007fff737ef000 	/usr/lib/libOpenScriptingUtil.dylib
0x00007fff73ecd000 	/usr/lib/libcoretls.dylib
0x00007fff73ee4000 	/usr/lib/libcoretls_cfhelpers.dylib
0x00007fff75b71000 	/usr/lib/libpam.2.dylib
0x00007fff75d34000 	/usr/lib/libsqlite3.dylib
0x00007fff7619c000 	/usr/lib/libxar.1.dylib
0x00007fff73b7b000 	/usr/lib/libbz2.1.0.dylib
0x00007fff74af8000 	/usr/lib/liblzma.5.dylib
0x00007fff74fee000 	/usr/lib/libnetwork.dylib
0x00007fff739cf000 	/usr/lib/libapple_nghttp2.dylib
0x00007fff75b78000 	/usr/lib/libpcap.A.dylib
0x00007fff4a895000 	/System/Library/Frameworks/CoreServices.framework/Versions/A/Frameworks/FSEvents.framework/Versions/A/FSEvents
0x00007fff4a571000 	/System/Library/Frameworks/CoreServices.framework/Versions/A/Frameworks/CarbonCore.framework/Versions/A/CarbonCore
0x00007fff4aa6a000 	/System/Library/Frameworks/CoreServices.framework/Versions/A/Frameworks/Metadata.framework/Versions/A/Metadata
0x00007fff4ab0d000 	/System/Library/Frameworks/CoreServices.framework/Versions/A/Frameworks/OSServices.framework/Versions/A/OSServices
0x00007fff4ab59000 	/System/Library/Frameworks/CoreServices.framework/Versions/A/Frameworks/SearchKit.framework/Versions/A/SearchKit
0x00007fff4a4f2000 	/System/Library/Frameworks/CoreServices.framework/Versions/A/Frameworks/AE.framework/Versions/A/AE
0x00007fff4a89e000 	/System/Library/Frameworks/CoreServices.framework/Versions/A/Frameworks/LaunchServices.framework/Versions/A/LaunchServices
0x00007fff4a84a000 	/System/Library/Frameworks/CoreServices.framework/Versions/A/Frameworks/DictionaryServices.framework/Versions/A/DictionaryServices
0x00007fff4abc8000 	/System/Library/Frameworks/CoreServices.framework/Versions/A/Frameworks/SharedFileList.framework/Versions/A/SharedFileList
0x00007fff4f349000 	/System/Library/Frameworks/NetFS.framework/Versions/A/NetFS
0x00007fff68d52000 	/System/Library/PrivateFrameworks/NetAuth.framework/Versions/A/NetAuth
0x00007fff731ea000 	/System/Library/PrivateFrameworks/login.framework/Versions/A/Frameworks/loginsupport.framework/Versions/A/loginsupport
0x00007fff711f6000 	/System/Library/PrivateFrameworks/TCC.framework/Versions/A/TCC
0x00007fff5d870000 	/System/Library/PrivateFrameworks/CoreNLP.framework/Versions/A/CoreNLP
0x00007fff687a6000 	/System/Library/PrivateFrameworks/MetadataUtilities.framework/Versions/A/MetadataUtilities
0x00007fff74bd9000 	/usr/lib/libmecabra.dylib
0x00007fff47619000 	/System/Library/Frameworks/ApplicationServices.framework/Versions/A/Frameworks/ATS.framework/Versions/A/ATS
0x00007fff47984000 	/System/Library/Frameworks/ApplicationServices.framework/Versions/A/Frameworks/ColorSyncLegacy.framework/Versions/A/ColorSyncLegacy
0x00007fff47a25000 	/System/Library/Frameworks/ApplicationServices.framework/Versions/A/Frameworks/HIServices.framework/Versions/A/HIServices
0x00007fff47a78000 	/System/Library/Frameworks/ApplicationServices.framework/Versions/A/Frameworks/LangAnalysis.framework/Versions/A/LangAnalysis
0x00007fff47a87000 	/System/Library/Frameworks/ApplicationServices.framework/Versions/A/Frameworks/PrintCore.framework/Versions/A/PrintCore
0x00007fff47ad4000 	/System/Library/Frameworks/ApplicationServices.framework/Versions/A/Frameworks/QD.framework/Versions/A/QD
0x00007fff47b10000 	/System/Library/Frameworks/ApplicationServices.framework/Versions/A/Frameworks/SpeechSynthesis.framework/Versions/A/SpeechSynthesis
0x00007fff73c0a000 	/usr/lib/libcompression.dylib
0x00007fff4914a000 	/System/Library/Frameworks/CoreDisplay.framework/Versions/A/CoreDisplay
0x00007fff4e14b000 	/System/Library/Frameworks/MetalPerformanceShaders.framework/Versions/A/MetalPerformanceShaders
0x00007fff45578000 	/System/Library/Frameworks/Accelerate.framework/Versions/A/Frameworks/vImage.framework/Versions/A/vImage
0x00007fff465f4000 	/System/Library/Frameworks/Accelerate.framework/Versions/A/Frameworks/vecLib.framework/Versions/A/vecLib
0x00007fff4653e000 	/System/Library/Frameworks/Accelerate.framework/Versions/A/Frameworks/vecLib.framework/Versions/A/libvMisc.dylib
0x00007fff46359000 	/System/Library/Frameworks/Accelerate.framework/Versions/A/Frameworks/vecLib.framework/Versions/A/libvDSP.dylib
0x00007fff45c19000 	/System/Library/Frameworks/Accelerate.framework/Versions/A/Frameworks/vecLib.framework/Versions/A/libBLAS.dylib
0x00007fff45f04000 	/System/Library/Frameworks/Accelerate.framework/Versions/A/Frameworks/vecLib.framework/Versions/A/libLAPACK.dylib
0x00007fff462ab000 	/System/Library/Frameworks/Accelerate.framework/Versions/A/Frameworks/vecLib.framework/Versions/A/libLinearAlgebra.dylib
0x00007fff46345000 	/System/Library/Frameworks/Accelerate.framework/Versions/A/Frameworks/vecLib.framework/Versions/A/libSparseBLAS.dylib
0x00007fff462c1000 	/System/Library/Frameworks/Accelerate.framework/Versions/A/Frameworks/vecLib.framework/Versions/A/libQuadrature.dylib
0x00007fff45e91000 	/System/Library/Frameworks/Accelerate.framework/Versions/A/Frameworks/vecLib.framework/Versions/A/libBNNS.dylib
0x00007fff462c7000 	/System/Library/Frameworks/Accelerate.framework/Versions/A/Frameworks/vecLib.framework/Versions/A/libSparse.dylib
0x00007fff64d97000 	/System/Library/PrivateFrameworks/GPUWrangler.framework/Versions/A/GPUWrangler
0x00007fff671cc000 	/System/Library/PrivateFrameworks/IOAccelerator.framework/Versions/A/IOAccelerator
0x00007fff671d7000 	/System/Library/PrivateFrameworks/IOPresentment.framework/Versions/A/IOPresentment
0x00007fff5e679000 	/System/Library/PrivateFrameworks/DSExternalDisplay.framework/Versions/A/DSExternalDisplay
0x00007fff527fd000 	/System/Library/Frameworks/OpenGL.framework/Versions/A/Libraries/libCoreFSCache.dylib
0x00007fff4df33000 	/System/Library/Frameworks/MetalPerformanceShaders.framework/Frameworks/MPSCore.framework/Versions/A/MPSCore
0x00007fff4df54000 	/System/Library/Frameworks/MetalPerformanceShaders.framework/Frameworks/MPSImage.framework/Versions/A/MPSImage
0x00007fff4dffc000 	/System/Library/Frameworks/MetalPerformanceShaders.framework/Frameworks/MPSNeuralNetwork.framework/Versions/A/MPSNeuralNetwork
0x00007fff4dfd3000 	/System/Library/Frameworks/MetalPerformanceShaders.framework/Frameworks/MPSMatrix.framework/Versions/A/MPSMatrix
0x00007fff4e12f000 	/System/Library/Frameworks/MetalPerformanceShaders.framework/Frameworks/MPSRayIntersector.framework/Versions/A/MPSRayIntersector
0x00007fff687cf000 	/System/Library/PrivateFrameworks/MetalTools.framework/Versions/A/MetalTools
0x00007fff5924a000 	/System/Library/PrivateFrameworks/AggregateDictionary.framework/Versions/A/AggregateDictionary
0x00007fff737cf000 	/usr/lib/libMobileGestalt.dylib
0x00007fff4b09a000 	/System/Library/Frameworks/CoreVideo.framework/Versions/A/CoreVideo
0x00007fff65c07000 	/System/Library/PrivateFrameworks/GraphVisualizer.framework/Versions/A/GraphVisualizer
0x00007fff5f9a2000 	/System/Library/PrivateFrameworks/FaceCore.framework/Versions/A/FaceCore
0x00007fff51e15000 	/System/Library/Frameworks/OpenCL.framework/Versions/A/OpenCL
0x00007fff735b6000 	/usr/lib/libFosl_dynamic.dylib
0x00007fff6962a000 	/System/Library/PrivateFrameworks/OTSVG.framework/Versions/A/OTSVG
0x00007fff4771d000 	/System/Library/Frameworks/ApplicationServices.framework/Versions/A/Frameworks/ATS.framework/Versions/A/Resources/libFontParser.dylib
0x00007fff4783d000 	/System/Library/Frameworks/ApplicationServices.framework/Versions/A/Frameworks/ATS.framework/Versions/A/Resources/libFontRegistry.dylib
0x00007fff4c02e000 	/System/Library/Frameworks/ImageIO.framework/Versions/A/Resources/libJPEG.dylib
0x00007fff4c350000 	/System/Library/Frameworks/ImageIO.framework/Versions/A/Resources/libTIFF.dylib
0x00007fff4c326000 	/System/Library/Frameworks/ImageIO.framework/Versions/A/Resources/libPng.dylib
0x00007fff4bf43000 	/System/Library/Frameworks/ImageIO.framework/Versions/A/Resources/libGIF.dylib
0x00007fff4bf48000 	/System/Library/Frameworks/ImageIO.framework/Versions/A/Resources/libJP2.dylib
0x00007fff4c34d000 	/System/Library/Frameworks/ImageIO.framework/Versions/A/Resources/libRadiance.dylib
0x00007fff59ca9000 	/System/Library/PrivateFrameworks/AppleJPEG.framework/Versions/A/AppleJPEG
0x00007fff52808000 	/System/Library/Frameworks/OpenGL.framework/Versions/A/Libraries/libGFXShared.dylib
0x00007fff529cb000 	/System/Library/Frameworks/OpenGL.framework/Versions/A/Libraries/libGLU.dylib
0x00007fff52811000 	/System/Library/Frameworks/OpenGL.framework/Versions/A/Libraries/libGL.dylib
0x00007fff5281d000 	/System/Library/Frameworks/OpenGL.framework/Versions/A/Libraries/libGLImage.dylib
0x00007fff527fa000 	/System/Library/Frameworks/OpenGL.framework/Versions/A/Libraries/libCVMSPluginSupport.dylib
0x00007fff52803000 	/System/Library/Frameworks/OpenGL.framework/Versions/A/Libraries/libCoreVMClient.dylib
0x00007fff7455c000 	/usr/lib/libcups.2.dylib
0x00007fff4d448000 	/System/Library/Frameworks/Kerberos.framework/Versions/A/Kerberos
0x00007fff4b9f8000 	/System/Library/Frameworks/GSS.framework/Versions/A/GSS
0x00007fff75cc8000 	/usr/lib/libresolv.9.dylib
0x00007fff74754000 	/usr/lib/libiconv.2.dylib
0x00007fff65d67000 	/System/Library/PrivateFrameworks/Heimdal.framework/Versions/A/Heimdal
0x00007fff74723000 	/usr/lib/libheimdal-asn1.dylib
0x00007fff51e8b000 	/System/Library/Frameworks/OpenDirectory.framework/Versions/A/OpenDirectory
0x00007fff5c56c000 	/System/Library/PrivateFrameworks/CommonAuth.framework/Versions/A/CommonAuth
0x00007fff51e6e000 	/System/Library/Frameworks/OpenDirectory.framework/Versions/A/Frameworks/CFOpenDirectory.framework/Versions/A/CFOpenDirectory
0x00007fff54ff9000 	/System/Library/Frameworks/SecurityFoundation.framework/Versions/A/SecurityFoundation
0x00007fff58759000 	/System/Library/PrivateFrameworks/APFS.framework/Versions/A/APFS
0x00007fff76198000 	/usr/lib/libutil.dylib
0x00007fff73bf8000 	/usr/lib/libcharset.1.dylib
0x00007fff59f45000 	/System/Library/PrivateFrameworks/AppleSauce.framework/Versions/A/AppleSauce
0x00007fff5a0d3000 	/System/Library/PrivateFrameworks/AssertionServices.framework/Versions/A/AssertionServices
0x00007fff5a946000 	/System/Library/PrivateFrameworks/BaseBoard.framework/Versions/A/BaseBoard
0x00007fff74b28000 	/usr/lib/libmecab.1.0.0.dylib
0x00007fff7471d000 	/usr/lib/libgermantok.dylib
0x00007fff739bb000 	/usr/lib/libThaiTokenizer.dylib
0x00007fff734e2000 	/usr/lib/libChineseTokenizer.dylib
0x00007fff67903000 	/System/Library/PrivateFrameworks/LanguageModeling.framework/Versions/A/LanguageModeling
0x00007fff5d286000 	/System/Library/PrivateFrameworks/CoreEmoji.framework/Versions/A/CoreEmoji
0x00007fff679fb000 	/System/Library/PrivateFrameworks/Lexicon.framework/Versions/A/Lexicon
0x00007fff67a43000 	/System/Library/PrivateFrameworks/LinguisticData.framework/Versions/A/LinguisticData
0x00007fff73bf9000 	/usr/lib/libcmph.dylib
0x00007fff550ba000 	/System/Library/Frameworks/ServiceManagement.framework/Versions/A/ServiceManagement
0x00007fff5a899000 	/System/Library/PrivateFrameworks/BackgroundTaskManagement.framework/Versions/A/BackgroundTaskManagement
0x00007fff76292000 	/usr/lib/libxslt.1.dylib
0x00007fff4880d000 	/System/Library/Frameworks/Carbon.framework/Versions/A/Frameworks/Ink.framework/Versions/A/Ink
0x00007fff71476000 	/System/Library/PrivateFrameworks/TextureIO.framework/Versions/A/TextureIO
0x00007fff73a10000 	/usr/lib/libate.dylib
0x00007fff5e5d5000 	/System/Library/PrivateFrameworks/CrashReporterSupport.framework/Versions/A/CrashReporterSupport
0x00007fff6e497000 	/System/Library/PrivateFrameworks/Sharing.framework/Versions/A/Sharing
0x00007fff5a425000 	/System/Library/PrivateFrameworks/AuthKit.framework/Versions/A/AuthKit
0x00007fff59848000 	/System/Library/PrivateFrameworks/Apple80211.framework/Versions/A/Apple80211
0x00007fff5e395000 	/System/Library/PrivateFrameworks/CoreUtils.framework/Versions/A/CoreUtils
0x00007fff4b0d8000 	/System/Library/Frameworks/CoreWLAN.framework/Versions/A/CoreWLAN
0x00007fff4bb42000 	/System/Library/Frameworks/IOBluetooth.framework/Versions/A/IOBluetooth
0x00007fff6c7b9000 	/System/Library/PrivateFrameworks/ProtocolBuffer.framework/Versions/A/ProtocolBuffer
0x00007fff68a0c000 	/System/Library/PrivateFrameworks/MobileKeyBag.framework/Versions/A/MobileKeyBag
0x00007fff5dbad000 	/System/Library/PrivateFrameworks/CorePhoneNumbers.framework/Versions/A/CorePhoneNumbers
0x00007fff59c5d000 	/System/Library/PrivateFrameworks/AppleIDAuthSupport.framework/Versions/A/AppleIDAuthSupport
0x00007fff678d4000 	/System/Library/PrivateFrameworks/KeychainCircle.framework/Versions/A/KeychainCircle
0x00007fff6c986000 	/System/Library/PrivateFrameworks/ROCKit.framework/Versions/A/ROCKit
0x00007fff5e571000 	/System/Library/PrivateFrameworks/CoreWiFi.framework/Versions/A/CoreWiFi
0x00007fff48d7c000 	/System/Library/Frameworks/CoreBluetooth.framework/Versions/A/CoreBluetooth
0x00007fff5e7c5000 	/System/Library/PrivateFrameworks/DebugSymbols.framework/Versions/A/DebugSymbols
0x00007fff5e14a000 	/System/Library/PrivateFrameworks/CoreSymbolication.framework/Versions/A/CoreSymbolication
0x00007fff70c60000 	/System/Library/PrivateFrameworks/Symbolication.framework/Versions/A/Symbolication
0x00007fff6fdf2000 	/System/Library/PrivateFrameworks/SpeechRecognitionCore.framework/Versions/A/SpeechRecognitionCore
0x0000000106954000 	/Library/Java/JavaVirtualMachines/jdk1.8.0_201.jdk/Contents/Home/jre/lib/server/libjvm.dylib
0x00007fff7605c000 	/usr/lib/libstdc++.6.dylib
0x000000010790d000 	/Library/Java/JavaVirtualMachines/jdk1.8.0_201.jdk/Contents/Home/jre/lib/libverify.dylib
0x000000010791b000 	/Library/Java/JavaVirtualMachines/jdk1.8.0_201.jdk/Contents/Home/jre/lib/libjava.dylib
0x0000000107952000 	/Library/Java/JavaVirtualMachines/jdk1.8.0_201.jdk/Contents/Home/jre/lib/libjdwp.dylib
0x000000010799d000 	/Library/Java/JavaVirtualMachines/jdk1.8.0_201.jdk/Contents/Home/jre/lib/libnpt.dylib
0x00000001079a1000 	/Library/Java/JavaVirtualMachines/jdk1.8.0_201.jdk/Contents/Home/jre/lib/libinstrument.dylib
0x0000000108240000 	/Library/Java/JavaVirtualMachines/jdk1.8.0_201.jdk/Contents/Home/jre/lib/libzip.dylib
0x0000000112e47000 	/Library/Java/JavaVirtualMachines/jdk1.8.0_201.jdk/Contents/Home/jre/lib/libdt_socket.dylib

VM Arguments:
jvm_args: -agentlib:jdwp=transport=dt_socket,address=127.0.0.1:54531,suspend=y,server=n -Didea.test.cyclic.buffer.size=1048576 -javaagent:/Users/smorato/Library/Caches/IntelliJIdea2017.2/groovyHotSwap/gragent.jar -Dfile.encoding=UTF-8 
java_command: com.intellij.rt.execution.junit.JUnitStarter -ideVersion5 -junit4 util.pocSpockTest,test Methods Validation
java_class_path (initial): /Applications/IntelliJ IDEA.app/Contents/lib/idea_rt.jar:/Applications/IntelliJ IDEA.app/Contents/plugins/junit/lib/junit-rt.jar:/Applications/IntelliJ IDEA.app/Contents/plugins/junit/lib/junit5-rt.jar:/Library/Java/JavaVirtualMachines/jdk1.8.0_201.jdk/Contents/Home/jre/lib/charsets.jar:/Library/Java/JavaVirtualMachines/jdk1.8.0_201.jdk/Contents/Home/jre/lib/deploy.jar:/Library/Java/JavaVirtualMachines/jdk1.8.0_201.jdk/Contents/Home/jre/lib/ext/cldrdata.jar:/Library/Java/JavaVirtualMachines/jdk1.8.0_201.jdk/Contents/Home/jre/lib/ext/dnsns.jar:/Library/Java/JavaVirtualMachines/jdk1.8.0_201.jdk/Contents/Home/jre/lib/ext/jaccess.jar:/Library/Java/JavaVirtualMachines/jdk1.8.0_201.jdk/Contents/Home/jre/lib/ext/jfxrt.jar:/Library/Java/JavaVirtualMachines/jdk1.8.0_201.jdk/Contents/Home/jre/lib/ext/localedata.jar:/Library/Java/JavaVirtualMachines/jdk1.8.0_201.jdk/Contents/Home/jre/lib/ext/nashorn.jar:/Library/Java/JavaVirtualMachines/jdk1.8.0_201.jdk/Contents/Home/jre/lib/ext/sunec.jar:/Library/Java/JavaVirtualMachines/jdk1.8.0_201.jdk/Contents/Home/jre/lib/ext/sunjce_provider.jar:/Library/Java/JavaVirtualMachines/jdk1.8.0_201.jdk/Contents/Home/jre/lib/ext/sunpkcs11.jar:/Library/Java/JavaVirtualMachines/jdk1.8.0_201.jdk/Contents/Home/jre/lib/ext/zipfs.jar:/Library/Java/JavaVirtualMachines/jdk1.8.0_201.jdk/Contents/Home/jre/lib/javaws.jar:/Library/Java/JavaVirtualMachines/jdk1.8.0_201.jdk/Contents/Home/jre/lib/jce.jar:/Library/Java/JavaVirtualMachines/jdk1.8.0_201.jdk/Contents/Home/jre/lib/jfr.jar:/Library/Java/JavaVirtualMachines/jdk1.8.0_201.jdk/Contents/Home/jre/lib/jfxswt.jar:/Library/Java/JavaVirtualMachines/jdk1.8.0_201.jdk/Contents/Home/jre/lib/jsse.jar:/Library/Java/JavaVirtualMachines/jdk1.8.0_201.jdk/Contents/Home/jre/lib/management-agent.jar:/Library/Java/JavaVirtualMachines/jdk1.8.0_201.jdk/Contents/Home/jre/lib/plugin.jar:/Library/Java/JavaVirtualMachines/jdk1.8.0_201.jdk/Contents/Home/jre/lib/resources.jar:/Library/Java/JavaVirtualM
Launcher Type: SUN_STANDARD

Environment Variables:
JAVA_HOME=/Users/smorato/.sdkman/candidates/java/current
PATH=/Users/smorato/.sdkman/candidates/java/current/bin:/Users/smorato/.sdkman/candidates/grails/current/bin:/usr/local/bin:/usr/bin:/bin:/usr/sbin:/sbin
SHELL=/bin/bash

Signal Handlers:
SIGSEGV: [libjvm.dylib+0x5b723d], sa_mask[0]=11111111011111110111111111111111, sa_flags=SA_ONSTACK|SA_RESTART|SA_SIGINFO
SIGBUS: [libjvm.dylib+0x5b723d], sa_mask[0]=11111111011111110111111111111111, sa_flags=SA_RESTART|SA_SIGINFO
SIGFPE: [libjvm.dylib+0x48c9bc], sa_mask[0]=11111111011111110111111111111111, sa_flags=SA_RESTART|SA_SIGINFO
SIGPIPE: [libjvm.dylib+0x48c9bc], sa_mask[0]=11111111011111110111111111111111, sa_flags=SA_RESTART|SA_SIGINFO
SIGXFSZ: [libjvm.dylib+0x48c9bc], sa_mask[0]=11111111011111110111111111111111, sa_flags=SA_RESTART|SA_SIGINFO
SIGILL: [libjvm.dylib+0x48c9bc], sa_mask[0]=11111111011111110111111111111111, sa_flags=SA_RESTART|SA_SIGINFO
SIGUSR1: SIG_DFL, sa_mask[0]=00000000000000000000000000000000, sa_flags=none
SIGUSR2: [libjvm.dylib+0x48c4da], sa_mask[0]=00100000000000000000000000000000, sa_flags=SA_RESTART|SA_SIGINFO
SIGHUP: [libjvm.dylib+0x48aa65], sa_mask[0]=11111111011111110111111111111111, sa_flags=SA_RESTART|SA_SIGINFO
SIGINT: [libjvm.dylib+0x48aa65], sa_mask[0]=11111111011111110111111111111111, sa_flags=SA_RESTART|SA_SIGINFO
SIGTERM: [libjvm.dylib+0x48aa65], sa_mask[0]=11111111011111110111111111111111, sa_flags=SA_RESTART|SA_SIGINFO
SIGQUIT: [libjvm.dylib+0x48aa65], sa_mask[0]=11111111011111110111111111111111, sa_flags=SA_RESTART|SA_SIGINFO


---------------  S Y S T E M  ---------------

OS:Bsduname:Darwin 18.2.0 Darwin Kernel Version 18.2.0: Thu Dec 20 20:46:53 PST 2018; root:xnu-4903.241.1~1/RELEASE_X86_64 x86_64
rlimit: STACK 8192k, CORE 0k, NPROC 1418, NOFILE 10240, AS infinity
load average:5.07 4.43 4.04

CPU:total 4 (initial active 4) (2 cores per cpu, 2 threads per core) family 6 model 142 stepping 9, cmov, cx8, fxsr, mmx, sse, sse2, sse3, ssse3, sse4.1, sse4.2, popcnt, avx, avx2, aes, clmul, erms, rtm, 3dnowpref, lzcnt, ht, tsc, tscinvbit, bmi1, bmi2, adx

Memory: 4k page, physical 16777216k(108896k free)

/proc/meminfo:


vm_info: Java HotSpot(TM) 64-Bit Server VM (25.201-b09) for bsd-amd64 JRE (1.8.0_201-b09), built on Dec 15 2018 18:35:23 by "java_re" with gcc 4.2.1 (Based on Apple Inc. build 5658) (LLVM build 2336.11.00)

time: Wed Apr 24 11:23:13 2019
timezone: -03
elapsed time: 679 seconds (0d 0h 11m 19s)

